Error processing game 718695: list index out of range
Traceback (most recent call last):
  File "/Users/calebbradshaw/PycharmProjects/baseballScraping/main.py", line 55, in create_dataset
    home_pitcher=home_bullpen[0],
IndexError: list index out of range


Error processing game 717573: Message: disconnected: not connected to DevTools
  (failed to check if window was closed: disconnected: not connected to DevTools)
  (Session info: chrome=130.0.6723.58)
Stacktrace:
0   chromedriver                        0x00000001049c3ed4 cxxbridge1$str$ptr + 1906348
1   chromedriver                        0x00000001049bc344 cxxbridge1$str$ptr + 1874716
2   chromedriver                        0x00000001045d0264 cxxbridge1$string$len + 89492
3   chromedriver                        0x00000001045ba0fc core::str::slice_error_fail::hbaf5d05fe3921cd2 + 63636
4   chromedriver                        0x00000001045ba03c core::str::slice_error_fail::hbaf5d05fe3921cd2 + 63444
5   chromedriver                        0x000000010464e238 cxxbridge1$string$len + 605544
6   chromedriver                        0x0000000104609134 cxxbridge1$string$len + 322660
7   chromedriver                        0x0000000104609d84 cxxbridge1$string$len + 325812
8   chromedriver                        0x000000010498bf90 cxxbridge1$str$ptr + 1677160
9   chromedriver                        0x00000001049908fc cxxbridge1$str$ptr + 1695956
10  chromedriver                        0x00000001049714b8 cxxbridge1$str$ptr + 1567888
11  chromedriver                        0x00000001049911cc cxxbridge1$str$ptr + 1698212
12  chromedriver                        0x0000000104962a60 cxxbridge1$str$ptr + 1507896
13  chromedriver                        0x00000001049ad214 cxxbridge1$str$ptr + 1812972
14  chromedriver                        0x00000001049ad36c cxxbridge1$str$ptr + 1813316
15  chromedriver                        0x00000001049bbfe4 cxxbridge1$str$ptr + 1873852
16  libsystem_pthread.dylib             0x00000001833ba034 _pthread_start + 136
17  libsystem_pthread.dylib             0x00000001833b4e3c thread_start + 8

Traceback (most recent call last):
  File "/Users/calebbradshaw/PycharmProjects/baseballScraping/main.py", line 45, in create_dataset
    box_data = process_box(driver, box_url)
  File "/Users/calebbradshaw/PycharmProjects/baseballScraping/scraper.py", line 17, in timed
    result = method(*args, **kw)
  File "/Users/calebbradshaw/PycharmProjects/baseballScraping/scraper.py", line 132, in process_box
    driver.get(box_url)
  File "/Users/calebbradshaw/PycharmProjects/baseballScraping/.venv/lib/python3.9/site-packages/selenium/webdriver/remote/webdriver.py", line 363, in get
    self.execute(Command.GET, {"url": url})
  File "/Users/calebbradshaw/PycharmProjects/baseballScraping/.venv/lib/python3.9/site-packages/selenium/webdriver/remote/webdriver.py", line 354, in execute
    self.error_handler.check_response(response)
  File "/Users/calebbradshaw/PycharmProjects/baseballScraping/.venv/lib/python3.9/site-packages/selenium/webdriver/remote/errorhandler.py", line 229, in check_response
    raise exception_class(message, screen, stacktrace)
selenium.common.exceptions.WebDriverException: Message: disconnected: not connected to DevTools
  (failed to check if window was closed: disconnected: not connected to DevTools)
  (Session info: chrome=130.0.6723.58)
Stacktrace:
0   chromedriver                        0x00000001049c3ed4 cxxbridge1$str$ptr + 1906348
1   chromedriver                        0x00000001049bc344 cxxbridge1$str$ptr + 1874716
2   chromedriver                        0x00000001045d0264 cxxbridge1$string$len + 89492
3   chromedriver                        0x00000001045ba0fc core::str::slice_error_fail::hbaf5d05fe3921cd2 + 63636
4   chromedriver                        0x00000001045ba03c core::str::slice_error_fail::hbaf5d05fe3921cd2 + 63444
5   chromedriver                        0x000000010464e238 cxxbridge1$string$len + 605544
6   chromedriver                        0x0000000104609134 cxxbridge1$string$len + 322660
7   chromedriver                        0x0000000104609d84 cxxbridge1$string$len + 325812
8   chromedriver                        0x000000010498bf90 cxxbridge1$str$ptr + 1677160
9   chromedriver                        0x00000001049908fc cxxbridge1$str$ptr + 1695956
10  chromedriver                        0x00000001049714b8 cxxbridge1$str$ptr + 1567888
11  chromedriver                        0x00000001049911cc cxxbridge1$str$ptr + 1698212
12  chromedriver                        0x0000000104962a60 cxxbridge1$str$ptr + 1507896
13  chromedriver                        0x00000001049ad214 cxxbridge1$str$ptr + 1812972
14  chromedriver                        0x00000001049ad36c cxxbridge1$str$ptr + 1813316
15  chromedriver                        0x00000001049bbfe4 cxxbridge1$str$ptr + 1873852
16  libsystem_pthread.dylib             0x00000001833ba034 _pthread_start + 136
17  libsystem_pthread.dylib             0x00000001833b4e3c thread_start + 8



Error processing game 716558: Message: disconnected: not connected to DevTools
  (failed to check if window was closed: disconnected: not connected to DevTools)
  (Session info: chrome=130.0.6723.58)
Stacktrace:
0   chromedriver                        0x00000001049c3ed4 cxxbridge1$str$ptr + 1906348
1   chromedriver                        0x00000001049bc344 cxxbridge1$str$ptr + 1874716
2   chromedriver                        0x00000001045d0264 cxxbridge1$string$len + 89492
3   chromedriver                        0x00000001045ba0fc core::str::slice_error_fail::hbaf5d05fe3921cd2 + 63636
4   chromedriver                        0x00000001045ba03c core::str::slice_error_fail::hbaf5d05fe3921cd2 + 63444
5   chromedriver                        0x000000010464e238 cxxbridge1$string$len + 605544
6   chromedriver                        0x0000000104609134 cxxbridge1$string$len + 322660
7   chromedriver                        0x0000000104609d84 cxxbridge1$string$len + 325812
8   chromedriver                        0x000000010498bf90 cxxbridge1$str$ptr + 1677160
9   chromedriver                        0x00000001049908fc cxxbridge1$str$ptr + 1695956
10  chromedriver                        0x00000001049714b8 cxxbridge1$str$ptr + 1567888
11  chromedriver                        0x00000001049911cc cxxbridge1$str$ptr + 1698212
12  chromedriver                        0x0000000104962a60 cxxbridge1$str$ptr + 1507896
13  chromedriver                        0x00000001049ad214 cxxbridge1$str$ptr + 1812972
14  chromedriver                        0x00000001049ad36c cxxbridge1$str$ptr + 1813316
15  chromedriver                        0x00000001049bbfe4 cxxbridge1$str$ptr + 1873852
16  libsystem_pthread.dylib             0x00000001833ba034 _pthread_start + 136
17  libsystem_pthread.dylib             0x00000001833b4e3c thread_start + 8

Traceback (most recent call last):
  File "/Users/calebbradshaw/PycharmProjects/baseballScraping/main.py", line 45, in create_dataset
    box_data = process_box(driver, box_url)
  File "/Users/calebbradshaw/PycharmProjects/baseballScraping/scraper.py", line 17, in timed
    result = method(*args, **kw)
  File "/Users/calebbradshaw/PycharmProjects/baseballScraping/scraper.py", line 132, in process_box
    driver.get(box_url)
  File "/Users/calebbradshaw/PycharmProjects/baseballScraping/.venv/lib/python3.9/site-packages/selenium/webdriver/remote/webdriver.py", line 363, in get
    self.execute(Command.GET, {"url": url})
  File "/Users/calebbradshaw/PycharmProjects/baseballScraping/.venv/lib/python3.9/site-packages/selenium/webdriver/remote/webdriver.py", line 354, in execute
    self.error_handler.check_response(response)
  File "/Users/calebbradshaw/PycharmProjects/baseballScraping/.venv/lib/python3.9/site-packages/selenium/webdriver/remote/errorhandler.py", line 229, in check_response
    raise exception_class(message, screen, stacktrace)
selenium.common.exceptions.WebDriverException: Message: disconnected: not connected to DevTools
  (failed to check if window was closed: disconnected: not connected to DevTools)
  (Session info: chrome=130.0.6723.58)
Stacktrace:
0   chromedriver                        0x00000001049c3ed4 cxxbridge1$str$ptr + 1906348
1   chromedriver                        0x00000001049bc344 cxxbridge1$str$ptr + 1874716
2   chromedriver                        0x00000001045d0264 cxxbridge1$string$len + 89492
3   chromedriver                        0x00000001045ba0fc core::str::slice_error_fail::hbaf5d05fe3921cd2 + 63636
4   chromedriver                        0x00000001045ba03c core::str::slice_error_fail::hbaf5d05fe3921cd2 + 63444
5   chromedriver                        0x000000010464e238 cxxbridge1$string$len + 605544
6   chromedriver                        0x0000000104609134 cxxbridge1$string$len + 322660
7   chromedriver                        0x0000000104609d84 cxxbridge1$string$len + 325812
8   chromedriver                        0x000000010498bf90 cxxbridge1$str$ptr + 1677160
9   chromedriver                        0x00000001049908fc cxxbridge1$str$ptr + 1695956
10  chromedriver                        0x00000001049714b8 cxxbridge1$str$ptr + 1567888
11  chromedriver                        0x00000001049911cc cxxbridge1$str$ptr + 1698212
12  chromedriver                        0x0000000104962a60 cxxbridge1$str$ptr + 1507896
13  chromedriver                        0x00000001049ad214 cxxbridge1$str$ptr + 1812972
14  chromedriver                        0x00000001049ad36c cxxbridge1$str$ptr + 1813316
15  chromedriver                        0x00000001049bbfe4 cxxbridge1$str$ptr + 1873852
16  libsystem_pthread.dylib             0x00000001833ba034 _pthread_start + 136
17  libsystem_pthread.dylib             0x00000001833b4e3c thread_start + 8



